<?xml version="1.0" encoding="UTF-8"?>
<testsuite name="Login Test"
           tests="3"
           failures="0"
           errors="0"
           skipped="0"
           time="4.844">
  <properties />
  
  
            <testcase name="verifyTheUsernameErrorMessage" time="2.365" classname="com.herokuapp.internet.testsuite.LoginPageTest" />
                <testcase name="verifyThePasswordErrorMessage" time="1.177" classname="com.herokuapp.internet.testsuite.LoginPageTest" />
                <testcase name="UserShouldLoginSuccessfullyWithValidCredentials" time="1.302" classname="com.herokuapp.internet.testsuite.LoginPageTest" />
      
</testsuite>
